03-09-2017 16:22:30.333,0,SENT,7E00040801494469
03-09-2017 16:22:30.397,1,RECV,7E000D88014944000000000000000000E9
03-09-2017 16:22:30.404,2,SENT,7E0004080253435F
03-09-2017 16:22:30.586,3,RECV,7E00078802534300FFFFE1
03-09-2017 16:22:30.592,4,SENT,7E0004080353445D
03-09-2017 16:22:30.637,5,RECV,7E0006880353440003DA
03-09-2017 16:22:30.644,6,SENT,7E000408045A5346
03-09-2017 16:22:30.687,7,RECV,7E000688045A530000C6
03-09-2017 16:22:30.696,8,SENT,7E000408054E4A5A
03-09-2017 16:22:30.737,9,RECV,7E000688054E4A00FFDB
03-09-2017 16:22:30.744,10,SENT,7E000408064F5052
03-09-2017 16:22:30.787,11,RECV,7E000D88064F5000064E2069FD2528D9D2
03-09-2017 16:22:30.796,12,SENT,7E000408074F4958
03-09-2017 16:22:30.837,13,RECV,7E000788074F4900095976
03-09-2017 16:22:30.844,14,SENT,7E00040808434864
03-09-2017 16:22:30.888,15,RECV,7E0006880843480011D3
03-09-2017 16:22:30.896,16,SENT,7E000408094E435D
03-09-2017 16:22:30.938,17,RECV,7E000688094E43000AD3
03-09-2017 16:22:30.948,18,SENT,7E0004080A534852
03-09-2017 16:22:30.988,19,RECV,7E0009880A5348000013A2001D
03-09-2017 16:22:30.996,20,SENT,7E0004080B534C4D
03-09-2017 16:22:31.038,21,RECV,7E0009880B534C0040EC4C74E1
03-09-2017 16:22:31.048,22,SENT,7E0004080C4D5945
03-09-2017 16:22:31.088,23,RECV,7E0007880C4D59000000C5
03-09-2017 16:22:31.097,24,SENT,7E0004080D44485E
03-09-2017 16:22:31.138,25,RECV,7E0009880D44480000000000DE
03-09-2017 16:22:31.149,26,SENT,7E0004080E444C59
03-09-2017 16:22:31.188,27,RECV,7E0009880E444C000000FFFFDB
03-09-2017 16:22:31.196,28,SENT,7E0004080F4E4951
03-09-2017 16:22:31.239,29,RECV,7E0006880F4E490020B1
03-09-2017 16:22:31.248,30,SENT,7E000408104E4851
03-09-2017 16:22:31.289,31,RECV,7E000688104E48001EB3
03-09-2017 16:22:31.296,32,SENT,7E0004081142485C
03-09-2017 16:22:31.339,33,RECV,7E0006881142480000DC
03-09-2017 16:22:31.349,34,SENT,7E00040812415252
03-09-2017 16:22:31.389,35,RECV,7E00068812415200FFD3
03-09-2017 16:22:31.396,36,SENT,7E0004081344445C
03-09-2017 16:22:31.439,37,RECV,7E000988134444000003000CCD
03-09-2017 16:22:31.449,38,SENT,7E000408144E5441
03-09-2017 16:22:31.489,39,RECV,7E000788144E5400003C85
03-09-2017 16:22:31.496,40,SENT,7E000408154E4F45
03-09-2017 16:22:31.539,41,RECV,7E000688154E4F0000C5
03-09-2017 16:22:31.552,42,SENT,7E000408164E5043
03-09-2017 16:22:31.589,43,RECV,7E000788164E500000FFC4
03-09-2017 16:22:31.596,44,SENT,7E0004081743524B
03-09-2017 16:22:31.639,45,RECV,7E0006881743520003C8
03-09-2017 16:22:31.648,46,SENT,7E00040818504C43
03-09-2017 16:22:31.690,47,RECV,7E00068818504C0004BF
03-09-2017 16:22:31.700,48,SENT,7E00040819504D41
03-09-2017 16:22:31.740,49,RECV,7E00068819504D0001C0
03-09-2017 16:22:31.748,50,SENT,7E0004081A50503D
03-09-2017 16:22:31.790,51,RECV,7E0006881A50500003BA
03-09-2017 16:22:31.801,52,SENT,7E0004081B454552
03-09-2017 16:22:31.840,53,RECV,7E0006881B45450000D2
03-09-2017 16:22:31.856,54,SENT,7E0004081C454F47
03-09-2017 16:22:31.890,55,RECV,7E0006881C454F0000C7
03-09-2017 16:22:31.901,56,SENT,7E0004081D4B5936
03-09-2017 16:22:31.940,57,RECV,7E0005881D4B5900B6
03-09-2017 16:22:31.948,58,SENT,7E0004081E4E4B40
03-09-2017 16:22:31.990,59,RECV,7E0005881E4E4B00C0
03-09-2017 16:22:31.996,60,SENT,7E0004081F424452
03-09-2017 16:22:32.040,61,RECV,7E0009881F42440000000003CF
03-09-2017 16:22:32.048,62,SENT,7E000408204E4247
03-09-2017 16:22:32.090,63,RECV,7E000688204E420000C7
03-09-2017 16:22:32.100,64,SENT,7E00040821534241
03-09-2017 16:22:32.141,65,RECV,7E0006882153420000C1
03-09-2017 16:22:32.148,66,SENT,7E0004082244375A
03-09-2017 16:22:32.191,67,RECV,7E0006882244370001D9
03-09-2017 16:22:32.200,68,SENT,7E0004082344365A
03-09-2017 16:22:32.241,69,RECV,7E0006882344360000DA
03-09-2017 16:22:32.248,70,SENT,7E00040824415042
03-09-2017 16:22:32.291,71,RECV,7E0006882441500001C1
03-09-2017 16:22:32.308,72,SENT,7E00040825414F42
03-09-2017 16:22:32.341,73,RECV,7E00068825414F0000C2
03-09-2017 16:22:32.348,74,SENT,7E0004082653502E
03-09-2017 16:22:32.391,75,RECV,7E0007882653500000208E
03-09-2017 16:22:32.400,76,SENT,7E00040827534E2F
03-09-2017 16:22:32.441,77,RECV,7E00078827534E000001AE
03-09-2017 16:22:32.464,78,SENT,7E0004082844305B
03-09-2017 16:22:32.491,79,RECV,7E0006882844300001DA
03-09-2017 16:22:32.500,80,SENT,7E00040829443159
03-09-2017 16:22:32.541,81,RECV,7E0006882944310000D9
03-09-2017 16:22:32.548,82,SENT,7E0004082A443257
03-09-2017 16:22:32.592,83,RECV,7E0006882A44320000D7
03-09-2017 16:22:32.616,84,SENT,7E0004082B443355
03-09-2017 16:22:32.642,85,RECV,7E0006882B44330000D5
03-09-2017 16:22:32.652,86,SENT,7E0004082C443453
03-09-2017 16:22:32.692,87,RECV,7E0006882C44340000D3
03-09-2017 16:22:32.701,88,SENT,7E0004082D443551
03-09-2017 16:22:32.742,89,RECV,7E0006882D44350001D0
03-09-2017 16:22:32.768,90,SENT,7E0004082E503049
03-09-2017 16:22:32.792,91,RECV,7E0006882E50300001C8
03-09-2017 16:22:32.800,92,SENT,7E0004082F503147
03-09-2017 16:22:32.842,93,RECV,7E0006882F50310000C7
03-09-2017 16:22:32.852,94,SENT,7E00040830503245
03-09-2017 16:22:32.892,95,RECV,7E0006883050320000C5
03-09-2017 16:22:32.900,96,SENT,7E00040831505224
03-09-2017 16:22:32.942,97,RECV,7E000788315052001FFF86
03-09-2017 16:22:32.952,98,SENT,7E000408324C5425
03-09-2017 16:22:32.992,99,RECV,7E000688324C540000A5
03-09-2017 16:22:33.000,100,SENT,7E00040833525022
03-09-2017 16:22:33.043,101,RECV,7E00068833525000287A
03-09-2017 16:22:33.052,102,SENT,7E00040834444F30
03-09-2017 16:22:33.093,103,RECV,7E00068834444F0001AF
03-09-2017 16:22:33.101,104,SENT,7E00040835495227
03-09-2017 16:22:33.143,105,RECV,7E000788354952000000A7
03-09-2017 16:22:33.152,106,SENT,7E00040836494335
03-09-2017 16:22:33.193,107,RECV,7E000788364943000000B5
03-09-2017 16:22:33.200,108,SENT,7E00040837562B3F
03-09-2017 16:22:33.243,109,RECV,7E00078837562B000000BF
03-09-2017 16:22:33.252,110,SENT,7E00040838565217
03-09-2017 16:22:33.293,111,RECV,7E0007883856520021A7CF
03-09-2017 16:22:33.300,112,SENT,7E00040839485620
03-09-2017 16:22:33.344,113,RECV,7E00078839485600194740
03-09-2017 16:22:33.352,114,SENT,7E0004083A414933
03-09-2017 16:22:33.394,115,RECV,7E0006883A41490000B3
03-09-2017 16:22:33.401,116,SENT,7E0004083B444236
03-09-2017 16:22:33.444,117,RECV,7E0006883B44420000B6
03-09-2017 16:22:33.452,118,SENT,7E0004083C255640
03-09-2017 16:22:33.494,119,RECV,7E0007883C2556000AD7DF

